<?xml version="1.0" encoding="UTF-8"?>
<beans xmlns="http://www.springframework.org/schema/beans"
       xmlns:xsi="http://www.w3.org/2001/XMLSchema-instance"
       xmlns:context="http://www.springframework.org/schema/context"
       xmlns:tx="http://www.springframework.org/schema/tx"
       xmlns:aop="http://www.springframework.org/schema/aop"
       xsi:schemaLocation="http://www.springframework.org/schema/beans
                           http://www.springframework.org/schema/beans/spring-beans.xsd
                           http://www.springframework.org/schema/mvc
                           http://www.springframework.org/schema/mvc/spring-mvc.xsd
                           http://www.springframework.org/schema/tx 
                           http://www.springframework.org/schema/tx/spring-tx-3.0.xsd
                           http://www.springframework.org/schema/context
                           http://www.springframework.org/schema/context/spring-context.xsd
       http://www.springframework.org/schema/aop http://www.springframework.org/schema/aop/spring-aop-3.2.xsd"> 

    <!-- Bean definitions go here -->
 
    <!-- #1 Use annotation-driven transactions -->
    <tx:annotation-driven />

    <!-- Bean definitions go here -->
    <!-- #2 Define Data Source -->
    <bean id="dataSource"
          class="org.apache.commons.dbcp2.BasicDataSource">
        <property name="driverClassName" value="com.mysql.jdbc.Driver"/>
        <property name="url"
                  value="jdbc:mysql://localhost:3306/SoupaStarsTest" />
        <property name="username" value="root" />
        <property name="password" value="apprentice" />
        <property name="initialSize" value="5" />
        <property name="maxTotal" value="10" />
    </bean>

    <!-- #3 Define Transaction Manager -->
    <bean id="transactionManager"
          class="org.springframework.jdbc.datasource.DataSourceTransactionManager">
        <property name="dataSource" ref="dataSource" />
    </bean>

    <!-- #3 Define JdbcTemplate -->
    <bean id="jdbcTemplate"
          class="org.springframework.jdbc.core.JdbcTemplate">
        <property name="dataSource" ref="dataSource" />
    </bean>
        
    <bean id="SoupaStarsCommentDBImpl" class="com.sg.soupastars.dao.SoupaStarsCommentDBImpl">
        <property name="jdbcTemplate" ref="jdbcTemplate" />
    </bean>
    <bean id="SoupaStarsCommentInMemImpl" class="com.sg.soupastars.dao.SoupaStarsCommentInMemImpl">
    </bean>
    
    <bean id= "SoupaStarsPostDaoDBImpl" class="com.sg.soupastars.dao.SoupaStarsPostDaoDBImpl">
        <property name="jdbcTemplate" ref="jdbcTemplate" />
    </bean>
    <bean id="SoupaStarsPostDaoInMemImpl" class="com.sg.soupastars.dao.SoupaStarsPostDaoInMemImpl">
    </bean>
    
    
    <bean id="SoupaStarsStaticPageDaoDBImpl" class="com.sg.soupastars.dao.SoupaStarsStaticPageDaoDBImpl">
        <property name="jdbcTemplate" ref="jdbcTemplate" />
    </bean>
    <bean id="SoupaStarsStaticPageInMemImpl" class="com.sg.soupastars.dao.SoupaStarsPostDaoInMemImpl">
    </bean>
    
   
    <bean id="SoupaStarsUserDaoDBImpl" class="com.sg.soupastars.dao.SoupaStarsUserDaoDBImpl">
        <property name="jdbcTemplate" ref="jdbcTemplate" />
    </bean>
    <bean id="SoupaStarsUserInMemImpl" class="com.sg.soupastars.dao.SoupaStarsUserInMemImpl">
    </bean>    
</beans>

